<?xml version="1.0" encoding="UTF-8"?>
<testng-results ignored="0" total="1" passed="1" failed="0" skipped="0">
  <reporter-output>
    <line>
      <![CDATA[Login Page is Displayed, PASS]]>
    </line>
    <line>
      <![CDATA[Execution Started, trying to login as ADMIN User]]>
    </line>
  </reporter-output>
  <suite started-at="2024-02-14T18:32:43 IST" name="Default suite" finished-at="2024-02-14T18:33:23 IST" duration-ms="40417">
    <groups>
    </groups>
    <test started-at="2024-02-14T18:32:43 IST" name="Default test" finished-at="2024-02-14T18:33:23 IST" duration-ms="40417">
      <class name="executionScripts.Useradd">
        <test-method is-config="true" signature="openBrowser()[pri:0, instance:executionScripts.Useradd@66f57048]" started-at="2024-02-14T18:32:43 IST" name="openBrowser" finished-at="2024-02-14T18:32:55 IST" duration-ms="11911" status="PASS">
          <reporter-output>
            <line>
              <![CDATA[Login Page is Displayed, PASS]]>
            </line>
          </reporter-output>
        </test-method> <!-- openBrowser -->
        <test-method signature="CreateUser()[pri:0, instance:executionScripts.Useradd@66f57048]" started-at="2024-02-14T18:32:55 IST" name="CreateUser" finished-at="2024-02-14T18:33:23 IST" duration-ms="28441" status="PASS">
          <reporter-output>
            <line>
              <![CDATA[Execution Started, trying to login as ADMIN User]]>
            </line>
          </reporter-output>
        </test-method> <!-- CreateUser -->
      </class> <!-- executionScripts.Useradd -->
    </test> <!-- Default test -->
  </suite> <!-- Default suite -->
</testng-results>
